2018-10-11 09:50:20,301 INFO  - 1babd0a5-af84-47fb-8643-b1784eeb8cda-SubWorkflowActor-SubWorkflow-PreProcessFastq:-1:1 [UUID(1babd0a5)]: Starting ConvertPairedFastQsToUnmappedBamWf.PairedFastQsToUnmappedBAM
2018-10-11 09:50:22,124 WARN  - BackgroundConfigAsyncJobExecutionActor [UUID(1babd0a5)ConvertPairedFastQsToUnmappedBamWf.PairedFastQsToUnmappedBAM:0:1]: Unrecognized runtime attribute keys: preemptible, disks, cpu, memory
2018-10-11 09:50:22,223 ERROR - BackgroundConfigAsyncJobExecutionActor [UUID(1babd0a5)ConvertPairedFastQsToUnmappedBamWf.PairedFastQsToUnmappedBAM:0:1]: Error attempting to Execute
java.lang.Exception: Failed command instantiation
	at cromwell.backend.standard.StandardAsyncExecutionActor.instantiatedCommand(StandardAsyncExecutionActor.scala:556)
	at cromwell.backend.standard.StandardAsyncExecutionActor.instantiatedCommand$(StandardAsyncExecutionActor.scala:491)
	at cromwell.backend.impl.sfs.config.BackgroundConfigAsyncJobExecutionActor.instantiatedCommand$lzycompute(ConfigAsyncJobExecutionActor.scala:193)
	at cromwell.backend.impl.sfs.config.BackgroundConfigAsyncJobExecutionActor.instantiatedCommand(ConfigAsyncJobExecutionActor.scala:193)
	at cromwell.backend.standard.StandardAsyncExecutionActor.commandScriptContents(StandardAsyncExecutionActor.scala:308)
	at cromwell.backend.standard.StandardAsyncExecutionActor.commandScriptContents$(StandardAsyncExecutionActor.scala:307)
	at cromwell.backend.impl.sfs.config.BackgroundConfigAsyncJobExecutionActor.commandScriptContents(ConfigAsyncJobExecutionActor.scala:193)
	at cromwell.backend.sfs.SharedFileSystemAsyncJobExecutionActor.writeScriptContents(SharedFileSystemAsyncJobExecutionActor.scala:141)
	at cromwell.backend.sfs.SharedFileSystemAsyncJobExecutionActor.writeScriptContents$(SharedFileSystemAsyncJobExecutionActor.scala:140)
	at cromwell.backend.impl.sfs.config.BackgroundConfigAsyncJobExecutionActor.cromwell$backend$sfs$BackgroundAsyncJobExecutionActor$$super$writeScriptContents(ConfigAsyncJobExecutionActor.scala:193)
	at cromwell.backend.sfs.BackgroundAsyncJobExecutionActor.writeScriptContents(BackgroundAsyncJobExecutionActor.scala:12)
	at cromwell.backend.sfs.BackgroundAsyncJobExecutionActor.writeScriptContents$(BackgroundAsyncJobExecutionActor.scala:11)
	at cromwell.backend.impl.sfs.config.BackgroundConfigAsyncJobExecutionActor.writeScriptContents(ConfigAsyncJobExecutionActor.scala:193)
	at cromwell.backend.sfs.SharedFileSystemAsyncJobExecutionActor.execute(SharedFileSystemAsyncJobExecutionActor.scala:124)
	at cromwell.backend.sfs.SharedFileSystemAsyncJobExecutionActor.execute$(SharedFileSystemAsyncJobExecutionActor.scala:121)
	at cromwell.backend.impl.sfs.config.BackgroundConfigAsyncJobExecutionActor.execute(ConfigAsyncJobExecutionActor.scala:193)
	at cromwell.backend.standard.StandardAsyncExecutionActor.$anonfun$executeAsync$1(StandardAsyncExecutionActor.scala:619)
	at scala.util.Try$.apply(Try.scala:209)
	at cromwell.backend.standard.StandardAsyncExecutionActor.executeAsync(StandardAsyncExecutionActor.scala:619)
	at cromwell.backend.standard.StandardAsyncExecutionActor.executeAsync$(StandardAsyncExecutionActor.scala:619)
	at cromwell.backend.impl.sfs.config.BackgroundConfigAsyncJobExecutionActor.executeAsync(ConfigAsyncJobExecutionActor.scala:193)
	at cromwell.backend.standard.StandardAsyncExecutionActor.executeOrRecover(StandardAsyncExecutionActor.scala:934)
	at cromwell.backend.standard.StandardAsyncExecutionActor.executeOrRecover$(StandardAsyncExecutionActor.scala:926)
	at cromwell.backend.impl.sfs.config.BackgroundConfigAsyncJobExecutionActor.executeOrRecover(ConfigAsyncJobExecutionActor.scala:193)
	at cromwell.backend.async.AsyncBackendJobExecutionActor.$anonfun$robustExecuteOrRecover$1(AsyncBackendJobExecutionActor.scala:65)
	at cromwell.core.retry.Retry$.withRetry(Retry.scala:37)
	at cromwell.backend.async.AsyncBackendJobExecutionActor.withRetry(AsyncBackendJobExecutionActor.scala:61)
	at cromwell.backend.async.AsyncBackendJobExecutionActor.cromwell$backend$async$AsyncBackendJobExecutionActor$$robustExecuteOrRecover(AsyncBackendJobExecutionActor.scala:65)
	at cromwell.backend.async.AsyncBackendJobExecutionActor$$anonfun$receive$1.applyOrElse(AsyncBackendJobExecutionActor.scala:88)
	at scala.PartialFunction$OrElse.applyOrElse(PartialFunction.scala:172)
	at scala.PartialFunction$OrElse.applyOrElse(PartialFunction.scala:172)
	at akka.actor.Actor.aroundReceive(Actor.scala:517)
	at akka.actor.Actor.aroundReceive$(Actor.scala:515)
	at cromwell.backend.impl.sfs.config.BackgroundConfigAsyncJobExecutionActor.aroundReceive(ConfigAsyncJobExecutionActor.scala:193)
	at akka.actor.ActorCell.receiveMessage(ActorCell.scala:588)
	at akka.actor.ActorCell.invoke(ActorCell.scala:557)
	at akka.dispatch.Mailbox.processMailbox(Mailbox.scala:258)
	at akka.dispatch.Mailbox.run(Mailbox.scala:225)
	at akka.dispatch.Mailbox.exec(Mailbox.scala:235)
	at akka.dispatch.forkjoin.ForkJoinTask.doExec(ForkJoinTask.java:260)
	at akka.dispatch.forkjoin.ForkJoinPool$WorkQueue.runTask(ForkJoinPool.java:1339)
	at akka.dispatch.forkjoin.ForkJoinPool.runWorker(ForkJoinPool.java:1979)
	at akka.dispatch.forkjoin.ForkJoinWorkerThread.run(ForkJoinWorkerThread.java:107)
Caused by: common.exception.AggregatedMessageException: Error(s):
:
java.lang.IllegalArgumentException: Either gs://ngb_cloud/fastq/NGB0-075-KOD-NEB-18-2_S24_L001_R1_001.fastq.gz exists on a filesystem not supported by this instance of Cromwell, or a failure occurred while building an actionable path from it. Supported filesystems are: HTTP, LinuxFileSystem. Failures: HTTP: gs://ngb_cloud/fastq/NGB0-075-KOD-NEB-18-2_S24_L001_R1_001.fastq.gz does not have an http or https scheme (IllegalArgumentException)
LinuxFileSystem: Cannot build a local path from gs://ngb_cloud/fastq/NGB0-075-KOD-NEB-18-2_S24_L001_R1_001.fastq.gz (RuntimeException) Please refer to the documentation for more information on how to configure filesystems: http://cromwell.readthedocs.io/en/develop/backends/HPC/#filesystems
	Either gs://ngb_cloud/fastq/NGB0-075-KOD-NEB-18-2_S24_L001_R1_001.fastq.gz exists on a filesystem not supported by this instance of Cromwell, or a failure occurred while building an actionable path from it. Supported filesystems are: HTTP, LinuxFileSystem. Failures: HTTP: gs://ngb_cloud/fastq/NGB0-075-KOD-NEB-18-2_S24_L001_R1_001.fastq.gz does not have an http or https scheme (IllegalArgumentException)
LinuxFileSystem: Cannot build a local path from gs://ngb_cloud/fastq/NGB0-075-KOD-NEB-18-2_S24_L001_R1_001.fastq.gz (RuntimeException) Please refer to the documentation for more information on how to configure filesystems: http://cromwell.readthedocs.io/en/develop/backends/HPC/#filesystems
java.lang.IllegalArgumentException: Either gs://ngb_cloud/fastq/NGB0-075-KOD-NEB-18-2_S24_L001_R2_001.fastq.gz exists on a filesystem not supported by this instance of Cromwell, or a failure occurred while building an actionable path from it. Supported filesystems are: HTTP, LinuxFileSystem. Failures: HTTP: gs://ngb_cloud/fastq/NGB0-075-KOD-NEB-18-2_S24_L001_R2_001.fastq.gz does not have an http or https scheme (IllegalArgumentException)
LinuxFileSystem: Cannot build a local path from gs://ngb_cloud/fastq/NGB0-075-KOD-NEB-18-2_S24_L001_R2_001.fastq.gz (RuntimeException) Please refer to the documentation for more information on how to configure filesystems: http://cromwell.readthedocs.io/en/develop/backends/HPC/#filesystems
	Either gs://ngb_cloud/fastq/NGB0-075-KOD-NEB-18-2_S24_L001_R2_001.fastq.gz exists on a filesystem not supported by this instance of Cromwell, or a failure occurred while building an actionable path from it. Supported filesystems are: HTTP, LinuxFileSystem. Failures: HTTP: gs://ngb_cloud/fastq/NGB0-075-KOD-NEB-18-2_S24_L001_R2_001.fastq.gz does not have an http or https scheme (IllegalArgumentException)
LinuxFileSystem: Cannot build a local path from gs://ngb_cloud/fastq/NGB0-075-KOD-NEB-18-2_S24_L001_R2_001.fastq.gz (RuntimeException) Please refer to the documentation for more information on how to configure filesystems: http://cromwell.readthedocs.io/en/develop/backends/HPC/#filesystems
	at common.validation.Validation$ValidationTry$.toTry$extension1(Validation.scala:68)
	at common.validation.Validation$ValidationTry$.toTry$extension0(Validation.scala:64)
	at cromwell.backend.standard.StandardAsyncExecutionActor.instantiatedCommand(StandardAsyncExecutionActor.scala:554)
	... 42 common frames omitted
2018-10-11 09:50:26,154 ERROR - BackgroundConfigAsyncJobExecutionActor [UUID(1babd0a5)ConvertPairedFastQsToUnmappedBamWf.PairedFastQsToUnmappedBAM:0:1]: Error attempting to Execute
java.lang.Exception: Failed command instantiation
	at cromwell.backend.standard.StandardAsyncExecutionActor.instantiatedCommand(StandardAsyncExecutionActor.scala:556)
	at cromwell.backend.standard.StandardAsyncExecutionActor.instantiatedCommand$(StandardAsyncExecutionActor.scala:491)
	at cromwell.backend.impl.sfs.config.BackgroundConfigAsyncJobExecutionActor.instantiatedCommand$lzycompute(ConfigAsyncJobExecutionActor.scala:193)
	at cromwell.backend.impl.sfs.config.BackgroundConfigAsyncJobExecutionActor.instantiatedCommand(ConfigAsyncJobExecutionActor.scala:193)
	at cromwell.backend.standard.StandardAsyncExecutionActor.commandScriptContents(StandardAsyncExecutionActor.scala:308)
	at cromwell.backend.standard.StandardAsyncExecutionActor.commandScriptContents$(StandardAsyncExecutionActor.scala:307)
	at cromwell.backend.impl.sfs.config.BackgroundConfigAsyncJobExecutionActor.commandScriptContents(ConfigAsyncJobExecutionActor.scala:193)
	at cromwell.backend.sfs.SharedFileSystemAsyncJobExecutionActor.writeScriptContents(SharedFileSystemAsyncJobExecutionActor.scala:141)
	at cromwell.backend.sfs.SharedFileSystemAsyncJobExecutionActor.writeScriptContents$(SharedFileSystemAsyncJobExecutionActor.scala:140)
	at cromwell.backend.impl.sfs.config.BackgroundConfigAsyncJobExecutionActor.cromwell$backend$sfs$BackgroundAsyncJobExecutionActor$$super$writeScriptContents(ConfigAsyncJobExecutionActor.scala:193)
	at cromwell.backend.sfs.BackgroundAsyncJobExecutionActor.writeScriptContents(BackgroundAsyncJobExecutionActor.scala:12)
	at cromwell.backend.sfs.BackgroundAsyncJobExecutionActor.writeScriptContents$(BackgroundAsyncJobExecutionActor.scala:11)
	at cromwell.backend.impl.sfs.config.BackgroundConfigAsyncJobExecutionActor.writeScriptContents(ConfigAsyncJobExecutionActor.scala:193)
	at cromwell.backend.sfs.SharedFileSystemAsyncJobExecutionActor.execute(SharedFileSystemAsyncJobExecutionActor.scala:124)
	at cromwell.backend.sfs.SharedFileSystemAsyncJobExecutionActor.execute$(SharedFileSystemAsyncJobExecutionActor.scala:121)
	at cromwell.backend.impl.sfs.config.BackgroundConfigAsyncJobExecutionActor.execute(ConfigAsyncJobExecutionActor.scala:193)
	at cromwell.backend.standard.StandardAsyncExecutionActor.$anonfun$executeAsync$1(StandardAsyncExecutionActor.scala:619)
	at scala.util.Try$.apply(Try.scala:209)
	at cromwell.backend.standard.StandardAsyncExecutionActor.executeAsync(StandardAsyncExecutionActor.scala:619)
	at cromwell.backend.standard.StandardAsyncExecutionActor.executeAsync$(StandardAsyncExecutionActor.scala:619)
	at cromwell.backend.impl.sfs.config.BackgroundConfigAsyncJobExecutionActor.executeAsync(ConfigAsyncJobExecutionActor.scala:193)
	at cromwell.backend.standard.StandardAsyncExecutionActor.executeOrRecover(StandardAsyncExecutionActor.scala:934)
	at cromwell.backend.standard.StandardAsyncExecutionActor.executeOrRecover$(StandardAsyncExecutionActor.scala:926)
	at cromwell.backend.impl.sfs.config.BackgroundConfigAsyncJobExecutionActor.executeOrRecover(ConfigAsyncJobExecutionActor.scala:193)
	at cromwell.backend.async.AsyncBackendJobExecutionActor.$anonfun$robustExecuteOrRecover$1(AsyncBackendJobExecutionActor.scala:65)
	at cromwell.core.retry.Retry$.withRetry(Retry.scala:37)
	at cromwell.core.retry.Retry$$anonfun$withRetry$1.$anonfun$applyOrElse$3(Retry.scala:44)
	at akka.pattern.FutureTimeoutSupport.liftedTree1$1(FutureTimeoutSupport.scala:26)
	at akka.pattern.FutureTimeoutSupport.$anonfun$after$1(FutureTimeoutSupport.scala:26)
	at akka.actor.Scheduler$$anon$4.run(Scheduler.scala:205)
	at akka.dispatch.TaskInvocation.run(AbstractDispatcher.scala:40)
	at akka.dispatch.ForkJoinExecutorConfigurator$AkkaForkJoinTask.exec(ForkJoinExecutorConfigurator.scala:44)
	at akka.dispatch.forkjoin.ForkJoinTask.doExec(ForkJoinTask.java:260)
	at akka.dispatch.forkjoin.ForkJoinPool$WorkQueue.runTask(ForkJoinPool.java:1339)
	at akka.dispatch.forkjoin.ForkJoinPool.runWorker(ForkJoinPool.java:1979)
	at akka.dispatch.forkjoin.ForkJoinWorkerThread.run(ForkJoinWorkerThread.java:107)
Caused by: common.exception.AggregatedMessageException: Error(s):
:
java.lang.IllegalArgumentException: Either gs://ngb_cloud/fastq/NGB0-075-KOD-NEB-18-2_S24_L001_R1_001.fastq.gz exists on a filesystem not supported by this instance of Cromwell, or a failure occurred while building an actionable path from it. Supported filesystems are: HTTP, LinuxFileSystem. Failures: HTTP: gs://ngb_cloud/fastq/NGB0-075-KOD-NEB-18-2_S24_L001_R1_001.fastq.gz does not have an http or https scheme (IllegalArgumentException)
LinuxFileSystem: Cannot build a local path from gs://ngb_cloud/fastq/NGB0-075-KOD-NEB-18-2_S24_L001_R1_001.fastq.gz (RuntimeException) Please refer to the documentation for more information on how to configure filesystems: http://cromwell.readthedocs.io/en/develop/backends/HPC/#filesystems
	Either gs://ngb_cloud/fastq/NGB0-075-KOD-NEB-18-2_S24_L001_R1_001.fastq.gz exists on a filesystem not supported by this instance of Cromwell, or a failure occurred while building an actionable path from it. Supported filesystems are: HTTP, LinuxFileSystem. Failures: HTTP: gs://ngb_cloud/fastq/NGB0-075-KOD-NEB-18-2_S24_L001_R1_001.fastq.gz does not have an http or https scheme (IllegalArgumentException)
LinuxFileSystem: Cannot build a local path from gs://ngb_cloud/fastq/NGB0-075-KOD-NEB-18-2_S24_L001_R1_001.fastq.gz (RuntimeException) Please refer to the documentation for more information on how to configure filesystems: http://cromwell.readthedocs.io/en/develop/backends/HPC/#filesystems
java.lang.IllegalArgumentException: Either gs://ngb_cloud/fastq/NGB0-075-KOD-NEB-18-2_S24_L001_R2_001.fastq.gz exists on a filesystem not supported by this instance of Cromwell, or a failure occurred while building an actionable path from it. Supported filesystems are: HTTP, LinuxFileSystem. Failures: HTTP: gs://ngb_cloud/fastq/NGB0-075-KOD-NEB-18-2_S24_L001_R2_001.fastq.gz does not have an http or https scheme (IllegalArgumentException)
LinuxFileSystem: Cannot build a local path from gs://ngb_cloud/fastq/NGB0-075-KOD-NEB-18-2_S24_L001_R2_001.fastq.gz (RuntimeException) Please refer to the documentation for more information on how to configure filesystems: http://cromwell.readthedocs.io/en/develop/backends/HPC/#filesystems
	Either gs://ngb_cloud/fastq/NGB0-075-KOD-NEB-18-2_S24_L001_R2_001.fastq.gz exists on a filesystem not supported by this instance of Cromwell, or a failure occurred while building an actionable path from it. Supported filesystems are: HTTP, LinuxFileSystem. Failures: HTTP: gs://ngb_cloud/fastq/NGB0-075-KOD-NEB-18-2_S24_L001_R2_001.fastq.gz does not have an http or https scheme (IllegalArgumentException)
LinuxFileSystem: Cannot build a local path from gs://ngb_cloud/fastq/NGB0-075-KOD-NEB-18-2_S24_L001_R2_001.fastq.gz (RuntimeException) Please refer to the documentation for more information on how to configure filesystems: http://cromwell.readthedocs.io/en/develop/backends/HPC/#filesystems
	at common.validation.Validation$ValidationTry$.toTry$extension1(Validation.scala:68)
	at common.validation.Validation$ValidationTry$.toTry$extension0(Validation.scala:64)
	at cromwell.backend.standard.StandardAsyncExecutionActor.instantiatedCommand(StandardAsyncExecutionActor.scala:554)
	... 35 common frames omitted
2018-10-11 09:50:28,998 ERROR - BackgroundConfigAsyncJobExecutionActor [UUID(1babd0a5)ConvertPairedFastQsToUnmappedBamWf.PairedFastQsToUnmappedBAM:0:1]: Error attempting to Execute
java.lang.Exception: Failed command instantiation
	at cromwell.backend.standard.StandardAsyncExecutionActor.instantiatedCommand(StandardAsyncExecutionActor.scala:556)
	at cromwell.backend.standard.StandardAsyncExecutionActor.instantiatedCommand$(StandardAsyncExecutionActor.scala:491)
	at cromwell.backend.impl.sfs.config.BackgroundConfigAsyncJobExecutionActor.instantiatedCommand$lzycompute(ConfigAsyncJobExecutionActor.scala:193)
	at cromwell.backend.impl.sfs.config.BackgroundConfigAsyncJobExecutionActor.instantiatedCommand(ConfigAsyncJobExecutionActor.scala:193)
	at cromwell.backend.standard.StandardAsyncExecutionActor.commandScriptContents(StandardAsyncExecutionActor.scala:308)
	at cromwell.backend.standard.StandardAsyncExecutionActor.commandScriptContents$(StandardAsyncExecutionActor.scala:307)
	at cromwell.backend.impl.sfs.config.BackgroundConfigAsyncJobExecutionActor.commandScriptContents(ConfigAsyncJobExecutionActor.scala:193)
	at cromwell.backend.sfs.SharedFileSystemAsyncJobExecutionActor.writeScriptContents(SharedFileSystemAsyncJobExecutionActor.scala:141)
	at cromwell.backend.sfs.SharedFileSystemAsyncJobExecutionActor.writeScriptContents$(SharedFileSystemAsyncJobExecutionActor.scala:140)
	at cromwell.backend.impl.sfs.config.BackgroundConfigAsyncJobExecutionActor.cromwell$backend$sfs$BackgroundAsyncJobExecutionActor$$super$writeScriptContents(ConfigAsyncJobExecutionActor.scala:193)
	at cromwell.backend.sfs.BackgroundAsyncJobExecutionActor.writeScriptContents(BackgroundAsyncJobExecutionActor.scala:12)
	at cromwell.backend.sfs.BackgroundAsyncJobExecutionActor.writeScriptContents$(BackgroundAsyncJobExecutionActor.scala:11)
	at cromwell.backend.impl.sfs.config.BackgroundConfigAsyncJobExecutionActor.writeScriptContents(ConfigAsyncJobExecutionActor.scala:193)
	at cromwell.backend.sfs.SharedFileSystemAsyncJobExecutionActor.execute(SharedFileSystemAsyncJobExecutionActor.scala:124)
	at cromwell.backend.sfs.SharedFileSystemAsyncJobExecutionActor.execute$(SharedFileSystemAsyncJobExecutionActor.scala:121)
	at cromwell.backend.impl.sfs.config.BackgroundConfigAsyncJobExecutionActor.execute(ConfigAsyncJobExecutionActor.scala:193)
	at cromwell.backend.standard.StandardAsyncExecutionActor.$anonfun$executeAsync$1(StandardAsyncExecutionActor.scala:619)
	at scala.util.Try$.apply(Try.scala:209)
	at cromwell.backend.standard.StandardAsyncExecutionActor.executeAsync(StandardAsyncExecutionActor.scala:619)
	at cromwell.backend.standard.StandardAsyncExecutionActor.executeAsync$(StandardAsyncExecutionActor.scala:619)
	at cromwell.backend.impl.sfs.config.BackgroundConfigAsyncJobExecutionActor.executeAsync(ConfigAsyncJobExecutionActor.scala:193)
	at cromwell.backend.standard.StandardAsyncExecutionActor.executeOrRecover(StandardAsyncExecutionActor.scala:934)
	at cromwell.backend.standard.StandardAsyncExecutionActor.executeOrRecover$(StandardAsyncExecutionActor.scala:926)
	at cromwell.backend.impl.sfs.config.BackgroundConfigAsyncJobExecutionActor.executeOrRecover(ConfigAsyncJobExecutionActor.scala:193)
	at cromwell.backend.async.AsyncBackendJobExecutionActor.$anonfun$robustExecuteOrRecover$1(AsyncBackendJobExecutionActor.scala:65)
	at cromwell.core.retry.Retry$.withRetry(Retry.scala:37)
	at cromwell.core.retry.Retry$$anonfun$withRetry$1.$anonfun$applyOrElse$3(Retry.scala:44)
	at akka.pattern.FutureTimeoutSupport.liftedTree1$1(FutureTimeoutSupport.scala:26)
	at akka.pattern.FutureTimeoutSupport.$anonfun$after$1(FutureTimeoutSupport.scala:26)
	at akka.actor.Scheduler$$anon$4.run(Scheduler.scala:205)
	at akka.dispatch.TaskInvocation.run(AbstractDispatcher.scala:40)
	at akka.dispatch.ForkJoinExecutorConfigurator$AkkaForkJoinTask.exec(ForkJoinExecutorConfigurator.scala:44)
	at akka.dispatch.forkjoin.ForkJoinTask.doExec(ForkJoinTask.java:260)
	at akka.dispatch.forkjoin.ForkJoinPool$WorkQueue.runTask(ForkJoinPool.java:1339)
	at akka.dispatch.forkjoin.ForkJoinPool.runWorker(ForkJoinPool.java:1979)
	at akka.dispatch.forkjoin.ForkJoinWorkerThread.run(ForkJoinWorkerThread.java:107)
Caused by: common.exception.AggregatedMessageException: Error(s):
:
java.lang.IllegalArgumentException: Either gs://ngb_cloud/fastq/NGB0-075-KOD-NEB-18-2_S24_L001_R1_001.fastq.gz exists on a filesystem not supported by this instance of Cromwell, or a failure occurred while building an actionable path from it. Supported filesystems are: HTTP, LinuxFileSystem. Failures: HTTP: gs://ngb_cloud/fastq/NGB0-075-KOD-NEB-18-2_S24_L001_R1_001.fastq.gz does not have an http or https scheme (IllegalArgumentException)
LinuxFileSystem: Cannot build a local path from gs://ngb_cloud/fastq/NGB0-075-KOD-NEB-18-2_S24_L001_R1_001.fastq.gz (RuntimeException) Please refer to the documentation for more information on how to configure filesystems: http://cromwell.readthedocs.io/en/develop/backends/HPC/#filesystems
	Either gs://ngb_cloud/fastq/NGB0-075-KOD-NEB-18-2_S24_L001_R1_001.fastq.gz exists on a filesystem not supported by this instance of Cromwell, or a failure occurred while building an actionable path from it. Supported filesystems are: HTTP, LinuxFileSystem. Failures: HTTP: gs://ngb_cloud/fastq/NGB0-075-KOD-NEB-18-2_S24_L001_R1_001.fastq.gz does not have an http or https scheme (IllegalArgumentException)
LinuxFileSystem: Cannot build a local path from gs://ngb_cloud/fastq/NGB0-075-KOD-NEB-18-2_S24_L001_R1_001.fastq.gz (RuntimeException) Please refer to the documentation for more information on how to configure filesystems: http://cromwell.readthedocs.io/en/develop/backends/HPC/#filesystems
java.lang.IllegalArgumentException: Either gs://ngb_cloud/fastq/NGB0-075-KOD-NEB-18-2_S24_L001_R2_001.fastq.gz exists on a filesystem not supported by this instance of Cromwell, or a failure occurred while building an actionable path from it. Supported filesystems are: HTTP, LinuxFileSystem. Failures: HTTP: gs://ngb_cloud/fastq/NGB0-075-KOD-NEB-18-2_S24_L001_R2_001.fastq.gz does not have an http or https scheme (IllegalArgumentException)
LinuxFileSystem: Cannot build a local path from gs://ngb_cloud/fastq/NGB0-075-KOD-NEB-18-2_S24_L001_R2_001.fastq.gz (RuntimeException) Please refer to the documentation for more information on how to configure filesystems: http://cromwell.readthedocs.io/en/develop/backends/HPC/#filesystems
	Either gs://ngb_cloud/fastq/NGB0-075-KOD-NEB-18-2_S24_L001_R2_001.fastq.gz exists on a filesystem not supported by this instance of Cromwell, or a failure occurred while building an actionable path from it. Supported filesystems are: HTTP, LinuxFileSystem. Failures: HTTP: gs://ngb_cloud/fastq/NGB0-075-KOD-NEB-18-2_S24_L001_R2_001.fastq.gz does not have an http or https scheme (IllegalArgumentException)
LinuxFileSystem: Cannot build a local path from gs://ngb_cloud/fastq/NGB0-075-KOD-NEB-18-2_S24_L001_R2_001.fastq.gz (RuntimeException) Please refer to the documentation for more information on how to configure filesystems: http://cromwell.readthedocs.io/en/develop/backends/HPC/#filesystems
	at common.validation.Validation$ValidationTry$.toTry$extension1(Validation.scala:68)
	at common.validation.Validation$ValidationTry$.toTry$extension0(Validation.scala:64)
	at cromwell.backend.standard.StandardAsyncExecutionActor.instantiatedCommand(StandardAsyncExecutionActor.scala:554)
	... 35 common frames omitted
2018-10-11 09:50:31,879 ERROR - BackgroundConfigAsyncJobExecutionActor [UUID(1babd0a5)ConvertPairedFastQsToUnmappedBamWf.PairedFastQsToUnmappedBAM:0:1]: Error attempting to Execute
java.lang.Exception: Failed command instantiation
	at cromwell.backend.standard.StandardAsyncExecutionActor.instantiatedCommand(StandardAsyncExecutionActor.scala:556)
	at cromwell.backend.standard.StandardAsyncExecutionActor.instantiatedCommand$(StandardAsyncExecutionActor.scala:491)
	at cromwell.backend.impl.sfs.config.BackgroundConfigAsyncJobExecutionActor.instantiatedCommand$lzycompute(ConfigAsyncJobExecutionActor.scala:193)
	at cromwell.backend.impl.sfs.config.BackgroundConfigAsyncJobExecutionActor.instantiatedCommand(ConfigAsyncJobExecutionActor.scala:193)
	at cromwell.backend.standard.StandardAsyncExecutionActor.commandScriptContents(StandardAsyncExecutionActor.scala:308)
	at cromwell.backend.standard.StandardAsyncExecutionActor.commandScriptContents$(StandardAsyncExecutionActor.scala:307)
	at cromwell.backend.impl.sfs.config.BackgroundConfigAsyncJobExecutionActor.commandScriptContents(ConfigAsyncJobExecutionActor.scala:193)
	at cromwell.backend.sfs.SharedFileSystemAsyncJobExecutionActor.writeScriptContents(SharedFileSystemAsyncJobExecutionActor.scala:141)
	at cromwell.backend.sfs.SharedFileSystemAsyncJobExecutionActor.writeScriptContents$(SharedFileSystemAsyncJobExecutionActor.scala:140)
	at cromwell.backend.impl.sfs.config.BackgroundConfigAsyncJobExecutionActor.cromwell$backend$sfs$BackgroundAsyncJobExecutionActor$$super$writeScriptContents(ConfigAsyncJobExecutionActor.scala:193)
	at cromwell.backend.sfs.BackgroundAsyncJobExecutionActor.writeScriptContents(BackgroundAsyncJobExecutionActor.scala:12)
	at cromwell.backend.sfs.BackgroundAsyncJobExecutionActor.writeScriptContents$(BackgroundAsyncJobExecutionActor.scala:11)
	at cromwell.backend.impl.sfs.config.BackgroundConfigAsyncJobExecutionActor.writeScriptContents(ConfigAsyncJobExecutionActor.scala:193)
	at cromwell.backend.sfs.SharedFileSystemAsyncJobExecutionActor.execute(SharedFileSystemAsyncJobExecutionActor.scala:124)
	at cromwell.backend.sfs.SharedFileSystemAsyncJobExecutionActor.execute$(SharedFileSystemAsyncJobExecutionActor.scala:121)
	at cromwell.backend.impl.sfs.config.BackgroundConfigAsyncJobExecutionActor.execute(ConfigAsyncJobExecutionActor.scala:193)
	at cromwell.backend.standard.StandardAsyncExecutionActor.$anonfun$executeAsync$1(StandardAsyncExecutionActor.scala:619)
	at scala.util.Try$.apply(Try.scala:209)
	at cromwell.backend.standard.StandardAsyncExecutionActor.executeAsync(StandardAsyncExecutionActor.scala:619)
	at cromwell.backend.standard.StandardAsyncExecutionActor.executeAsync$(StandardAsyncExecutionActor.scala:619)
	at cromwell.backend.impl.sfs.config.BackgroundConfigAsyncJobExecutionActor.executeAsync(ConfigAsyncJobExecutionActor.scala:193)
	at cromwell.backend.standard.StandardAsyncExecutionActor.executeOrRecover(StandardAsyncExecutionActor.scala:934)
	at cromwell.backend.standard.StandardAsyncExecutionActor.executeOrRecover$(StandardAsyncExecutionActor.scala:926)
	at cromwell.backend.impl.sfs.config.BackgroundConfigAsyncJobExecutionActor.executeOrRecover(ConfigAsyncJobExecutionActor.scala:193)
	at cromwell.backend.async.AsyncBackendJobExecutionActor.$anonfun$robustExecuteOrRecover$1(AsyncBackendJobExecutionActor.scala:65)
	at cromwell.core.retry.Retry$.withRetry(Retry.scala:37)
	at cromwell.core.retry.Retry$$anonfun$withRetry$1.$anonfun$applyOrElse$3(Retry.scala:44)
	at akka.pattern.FutureTimeoutSupport.liftedTree1$1(FutureTimeoutSupport.scala:26)
	at akka.pattern.FutureTimeoutSupport.$anonfun$after$1(FutureTimeoutSupport.scala:26)
	at akka.actor.Scheduler$$anon$4.run(Scheduler.scala:205)
	at akka.dispatch.TaskInvocation.run(AbstractDispatcher.scala:40)
	at akka.dispatch.ForkJoinExecutorConfigurator$AkkaForkJoinTask.exec(ForkJoinExecutorConfigurator.scala:44)
	at akka.dispatch.forkjoin.ForkJoinTask.doExec(ForkJoinTask.java:260)
	at akka.dispatch.forkjoin.ForkJoinPool$WorkQueue.runTask(ForkJoinPool.java:1339)
	at akka.dispatch.forkjoin.ForkJoinPool.runWorker(ForkJoinPool.java:1979)
	at akka.dispatch.forkjoin.ForkJoinWorkerThread.run(ForkJoinWorkerThread.java:107)
Caused by: common.exception.AggregatedMessageException: Error(s):
:
java.lang.IllegalArgumentException: Either gs://ngb_cloud/fastq/NGB0-075-KOD-NEB-18-2_S24_L001_R1_001.fastq.gz exists on a filesystem not supported by this instance of Cromwell, or a failure occurred while building an actionable path from it. Supported filesystems are: HTTP, LinuxFileSystem. Failures: HTTP: gs://ngb_cloud/fastq/NGB0-075-KOD-NEB-18-2_S24_L001_R1_001.fastq.gz does not have an http or https scheme (IllegalArgumentException)
LinuxFileSystem: Cannot build a local path from gs://ngb_cloud/fastq/NGB0-075-KOD-NEB-18-2_S24_L001_R1_001.fastq.gz (RuntimeException) Please refer to the documentation for more information on how to configure filesystems: http://cromwell.readthedocs.io/en/develop/backends/HPC/#filesystems
	Either gs://ngb_cloud/fastq/NGB0-075-KOD-NEB-18-2_S24_L001_R1_001.fastq.gz exists on a filesystem not supported by this instance of Cromwell, or a failure occurred while building an actionable path from it. Supported filesystems are: HTTP, LinuxFileSystem. Failures: HTTP: gs://ngb_cloud/fastq/NGB0-075-KOD-NEB-18-2_S24_L001_R1_001.fastq.gz does not have an http or https scheme (IllegalArgumentException)
LinuxFileSystem: Cannot build a local path from gs://ngb_cloud/fastq/NGB0-075-KOD-NEB-18-2_S24_L001_R1_001.fastq.gz (RuntimeException) Please refer to the documentation for more information on how to configure filesystems: http://cromwell.readthedocs.io/en/develop/backends/HPC/#filesystems
java.lang.IllegalArgumentException: Either gs://ngb_cloud/fastq/NGB0-075-KOD-NEB-18-2_S24_L001_R2_001.fastq.gz exists on a filesystem not supported by this instance of Cromwell, or a failure occurred while building an actionable path from it. Supported filesystems are: HTTP, LinuxFileSystem. Failures: HTTP: gs://ngb_cloud/fastq/NGB0-075-KOD-NEB-18-2_S24_L001_R2_001.fastq.gz does not have an http or https scheme (IllegalArgumentException)
LinuxFileSystem: Cannot build a local path from gs://ngb_cloud/fastq/NGB0-075-KOD-NEB-18-2_S24_L001_R2_001.fastq.gz (RuntimeException) Please refer to the documentation for more information on how to configure filesystems: http://cromwell.readthedocs.io/en/develop/backends/HPC/#filesystems
	Either gs://ngb_cloud/fastq/NGB0-075-KOD-NEB-18-2_S24_L001_R2_001.fastq.gz exists on a filesystem not supported by this instance of Cromwell, or a failure occurred while building an actionable path from it. Supported filesystems are: HTTP, LinuxFileSystem. Failures: HTTP: gs://ngb_cloud/fastq/NGB0-075-KOD-NEB-18-2_S24_L001_R2_001.fastq.gz does not have an http or https scheme (IllegalArgumentException)
LinuxFileSystem: Cannot build a local path from gs://ngb_cloud/fastq/NGB0-075-KOD-NEB-18-2_S24_L001_R2_001.fastq.gz (RuntimeException) Please refer to the documentation for more information on how to configure filesystems: http://cromwell.readthedocs.io/en/develop/backends/HPC/#filesystems
	at common.validation.Validation$ValidationTry$.toTry$extension1(Validation.scala:68)
	at common.validation.Validation$ValidationTry$.toTry$extension0(Validation.scala:64)
	at cromwell.backend.standard.StandardAsyncExecutionActor.instantiatedCommand(StandardAsyncExecutionActor.scala:554)
	... 35 common frames omitted
2018-10-11 09:50:35,419 ERROR - BackgroundConfigAsyncJobExecutionActor [UUID(1babd0a5)ConvertPairedFastQsToUnmappedBamWf.PairedFastQsToUnmappedBAM:0:1]: Error attempting to Execute
java.lang.Exception: Failed command instantiation
	at cromwell.backend.standard.StandardAsyncExecutionActor.instantiatedCommand(StandardAsyncExecutionActor.scala:556)
	at cromwell.backend.standard.StandardAsyncExecutionActor.instantiatedCommand$(StandardAsyncExecutionActor.scala:491)
	at cromwell.backend.impl.sfs.config.BackgroundConfigAsyncJobExecutionActor.instantiatedCommand$lzycompute(ConfigAsyncJobExecutionActor.scala:193)
	at cromwell.backend.impl.sfs.config.BackgroundConfigAsyncJobExecutionActor.instantiatedCommand(ConfigAsyncJobExecutionActor.scala:193)
	at cromwell.backend.standard.StandardAsyncExecutionActor.commandScriptContents(StandardAsyncExecutionActor.scala:308)
	at cromwell.backend.standard.StandardAsyncExecutionActor.commandScriptContents$(StandardAsyncExecutionActor.scala:307)
	at cromwell.backend.impl.sfs.config.BackgroundConfigAsyncJobExecutionActor.commandScriptContents(ConfigAsyncJobExecutionActor.scala:193)
	at cromwell.backend.sfs.SharedFileSystemAsyncJobExecutionActor.writeScriptContents(SharedFileSystemAsyncJobExecutionActor.scala:141)
	at cromwell.backend.sfs.SharedFileSystemAsyncJobExecutionActor.writeScriptContents$(SharedFileSystemAsyncJobExecutionActor.scala:140)
	at cromwell.backend.impl.sfs.config.BackgroundConfigAsyncJobExecutionActor.cromwell$backend$sfs$BackgroundAsyncJobExecutionActor$$super$writeScriptContents(ConfigAsyncJobExecutionActor.scala:193)
	at cromwell.backend.sfs.BackgroundAsyncJobExecutionActor.writeScriptContents(BackgroundAsyncJobExecutionActor.scala:12)
	at cromwell.backend.sfs.BackgroundAsyncJobExecutionActor.writeScriptContents$(BackgroundAsyncJobExecutionActor.scala:11)
	at cromwell.backend.impl.sfs.config.BackgroundConfigAsyncJobExecutionActor.writeScriptContents(ConfigAsyncJobExecutionActor.scala:193)
	at cromwell.backend.sfs.SharedFileSystemAsyncJobExecutionActor.execute(SharedFileSystemAsyncJobExecutionActor.scala:124)
	at cromwell.backend.sfs.SharedFileSystemAsyncJobExecutionActor.execute$(SharedFileSystemAsyncJobExecutionActor.scala:121)
	at cromwell.backend.impl.sfs.config.BackgroundConfigAsyncJobExecutionActor.execute(ConfigAsyncJobExecutionActor.scala:193)
	at cromwell.backend.standard.StandardAsyncExecutionActor.$anonfun$executeAsync$1(StandardAsyncExecutionActor.scala:619)
	at scala.util.Try$.apply(Try.scala:209)
	at cromwell.backend.standard.StandardAsyncExecutionActor.executeAsync(StandardAsyncExecutionActor.scala:619)
	at cromwell.backend.standard.StandardAsyncExecutionActor.executeAsync$(StandardAsyncExecutionActor.scala:619)
	at cromwell.backend.impl.sfs.config.BackgroundConfigAsyncJobExecutionActor.executeAsync(ConfigAsyncJobExecutionActor.scala:193)
	at cromwell.backend.standard.StandardAsyncExecutionActor.executeOrRecover(StandardAsyncExecutionActor.scala:934)
	at cromwell.backend.standard.StandardAsyncExecutionActor.executeOrRecover$(StandardAsyncExecutionActor.scala:926)
	at cromwell.backend.impl.sfs.config.BackgroundConfigAsyncJobExecutionActor.executeOrRecover(ConfigAsyncJobExecutionActor.scala:193)
	at cromwell.backend.async.AsyncBackendJobExecutionActor.$anonfun$robustExecuteOrRecover$1(AsyncBackendJobExecutionActor.scala:65)
	at cromwell.core.retry.Retry$.withRetry(Retry.scala:37)
	at cromwell.core.retry.Retry$$anonfun$withRetry$1.$anonfun$applyOrElse$3(Retry.scala:44)
	at akka.pattern.FutureTimeoutSupport.liftedTree1$1(FutureTimeoutSupport.scala:26)
	at akka.pattern.FutureTimeoutSupport.$anonfun$after$1(FutureTimeoutSupport.scala:26)
	at akka.actor.Scheduler$$anon$4.run(Scheduler.scala:205)
	at akka.dispatch.TaskInvocation.run(AbstractDispatcher.scala:40)
	at akka.dispatch.ForkJoinExecutorConfigurator$AkkaForkJoinTask.exec(ForkJoinExecutorConfigurator.scala:44)
	at akka.dispatch.forkjoin.ForkJoinTask.doExec(ForkJoinTask.java:260)
	at akka.dispatch.forkjoin.ForkJoinPool$WorkQueue.runTask(ForkJoinPool.java:1339)
	at akka.dispatch.forkjoin.ForkJoinPool.runWorker(ForkJoinPool.java:1979)
	at akka.dispatch.forkjoin.ForkJoinWorkerThread.run(ForkJoinWorkerThread.java:107)
Caused by: common.exception.AggregatedMessageException: Error(s):
:
java.lang.IllegalArgumentException: Either gs://ngb_cloud/fastq/NGB0-075-KOD-NEB-18-2_S24_L001_R1_001.fastq.gz exists on a filesystem not supported by this instance of Cromwell, or a failure occurred while building an actionable path from it. Supported filesystems are: HTTP, LinuxFileSystem. Failures: HTTP: gs://ngb_cloud/fastq/NGB0-075-KOD-NEB-18-2_S24_L001_R1_001.fastq.gz does not have an http or https scheme (IllegalArgumentException)
LinuxFileSystem: Cannot build a local path from gs://ngb_cloud/fastq/NGB0-075-KOD-NEB-18-2_S24_L001_R1_001.fastq.gz (RuntimeException) Please refer to the documentation for more information on how to configure filesystems: http://cromwell.readthedocs.io/en/develop/backends/HPC/#filesystems
	Either gs://ngb_cloud/fastq/NGB0-075-KOD-NEB-18-2_S24_L001_R1_001.fastq.gz exists on a filesystem not supported by this instance of Cromwell, or a failure occurred while building an actionable path from it. Supported filesystems are: HTTP, LinuxFileSystem. Failures: HTTP: gs://ngb_cloud/fastq/NGB0-075-KOD-NEB-18-2_S24_L001_R1_001.fastq.gz does not have an http or https scheme (IllegalArgumentException)
LinuxFileSystem: Cannot build a local path from gs://ngb_cloud/fastq/NGB0-075-KOD-NEB-18-2_S24_L001_R1_001.fastq.gz (RuntimeException) Please refer to the documentation for more information on how to configure filesystems: http://cromwell.readthedocs.io/en/develop/backends/HPC/#filesystems
java.lang.IllegalArgumentException: Either gs://ngb_cloud/fastq/NGB0-075-KOD-NEB-18-2_S24_L001_R2_001.fastq.gz exists on a filesystem not supported by this instance of Cromwell, or a failure occurred while building an actionable path from it. Supported filesystems are: HTTP, LinuxFileSystem. Failures: HTTP: gs://ngb_cloud/fastq/NGB0-075-KOD-NEB-18-2_S24_L001_R2_001.fastq.gz does not have an http or https scheme (IllegalArgumentException)
LinuxFileSystem: Cannot build a local path from gs://ngb_cloud/fastq/NGB0-075-KOD-NEB-18-2_S24_L001_R2_001.fastq.gz (RuntimeException) Please refer to the documentation for more information on how to configure filesystems: http://cromwell.readthedocs.io/en/develop/backends/HPC/#filesystems
	Either gs://ngb_cloud/fastq/NGB0-075-KOD-NEB-18-2_S24_L001_R2_001.fastq.gz exists on a filesystem not supported by this instance of Cromwell, or a failure occurred while building an actionable path from it. Supported filesystems are: HTTP, LinuxFileSystem. Failures: HTTP: gs://ngb_cloud/fastq/NGB0-075-KOD-NEB-18-2_S24_L001_R2_001.fastq.gz does not have an http or https scheme (IllegalArgumentException)
LinuxFileSystem: Cannot build a local path from gs://ngb_cloud/fastq/NGB0-075-KOD-NEB-18-2_S24_L001_R2_001.fastq.gz (RuntimeException) Please refer to the documentation for more information on how to configure filesystems: http://cromwell.readthedocs.io/en/develop/backends/HPC/#filesystems
	at common.validation.Validation$ValidationTry$.toTry$extension1(Validation.scala:68)
	at common.validation.Validation$ValidationTry$.toTry$extension0(Validation.scala:64)
	at cromwell.backend.standard.StandardAsyncExecutionActor.instantiatedCommand(StandardAsyncExecutionActor.scala:554)
	... 35 common frames omitted
2018-10-11 09:50:40,305 ERROR - BackgroundConfigAsyncJobExecutionActor [UUID(1babd0a5)ConvertPairedFastQsToUnmappedBamWf.PairedFastQsToUnmappedBAM:0:1]: Error attempting to Execute
java.lang.Exception: Failed command instantiation
	at cromwell.backend.standard.StandardAsyncExecutionActor.instantiatedCommand(StandardAsyncExecutionActor.scala:556)
	at cromwell.backend.standard.StandardAsyncExecutionActor.instantiatedCommand$(StandardAsyncExecutionActor.scala:491)
	at cromwell.backend.impl.sfs.config.BackgroundConfigAsyncJobExecutionActor.instantiatedCommand$lzycompute(ConfigAsyncJobExecutionActor.scala:193)
	at cromwell.backend.impl.sfs.config.BackgroundConfigAsyncJobExecutionActor.instantiatedCommand(ConfigAsyncJobExecutionActor.scala:193)
	at cromwell.backend.standard.StandardAsyncExecutionActor.commandScriptContents(StandardAsyncExecutionActor.scala:308)
	at cromwell.backend.standard.StandardAsyncExecutionActor.commandScriptContents$(StandardAsyncExecutionActor.scala:307)
	at cromwell.backend.impl.sfs.config.BackgroundConfigAsyncJobExecutionActor.commandScriptContents(ConfigAsyncJobExecutionActor.scala:193)
	at cromwell.backend.sfs.SharedFileSystemAsyncJobExecutionActor.writeScriptContents(SharedFileSystemAsyncJobExecutionActor.scala:141)
	at cromwell.backend.sfs.SharedFileSystemAsyncJobExecutionActor.writeScriptContents$(SharedFileSystemAsyncJobExecutionActor.scala:140)
	at cromwell.backend.impl.sfs.config.BackgroundConfigAsyncJobExecutionActor.cromwell$backend$sfs$BackgroundAsyncJobExecutionActor$$super$writeScriptContents(ConfigAsyncJobExecutionActor.scala:193)
	at cromwell.backend.sfs.BackgroundAsyncJobExecutionActor.writeScriptContents(BackgroundAsyncJobExecutionActor.scala:12)
	at cromwell.backend.sfs.BackgroundAsyncJobExecutionActor.writeScriptContents$(BackgroundAsyncJobExecutionActor.scala:11)
	at cromwell.backend.impl.sfs.config.BackgroundConfigAsyncJobExecutionActor.writeScriptContents(ConfigAsyncJobExecutionActor.scala:193)
	at cromwell.backend.sfs.SharedFileSystemAsyncJobExecutionActor.execute(SharedFileSystemAsyncJobExecutionActor.scala:124)
	at cromwell.backend.sfs.SharedFileSystemAsyncJobExecutionActor.execute$(SharedFileSystemAsyncJobExecutionActor.scala:121)
	at cromwell.backend.impl.sfs.config.BackgroundConfigAsyncJobExecutionActor.execute(ConfigAsyncJobExecutionActor.scala:193)
	at cromwell.backend.standard.StandardAsyncExecutionActor.$anonfun$executeAsync$1(StandardAsyncExecutionActor.scala:619)
	at scala.util.Try$.apply(Try.scala:209)
	at cromwell.backend.standard.StandardAsyncExecutionActor.executeAsync(StandardAsyncExecutionActor.scala:619)
	at cromwell.backend.standard.StandardAsyncExecutionActor.executeAsync$(StandardAsyncExecutionActor.scala:619)
	at cromwell.backend.impl.sfs.config.BackgroundConfigAsyncJobExecutionActor.executeAsync(ConfigAsyncJobExecutionActor.scala:193)
	at cromwell.backend.standard.StandardAsyncExecutionActor.executeOrRecover(StandardAsyncExecutionActor.scala:934)
	at cromwell.backend.standard.StandardAsyncExecutionActor.executeOrRecover$(StandardAsyncExecutionActor.scala:926)
	at cromwell.backend.impl.sfs.config.BackgroundConfigAsyncJobExecutionActor.executeOrRecover(ConfigAsyncJobExecutionActor.scala:193)
	at cromwell.backend.async.AsyncBackendJobExecutionActor.$anonfun$robustExecuteOrRecover$1(AsyncBackendJobExecutionActor.scala:65)
	at cromwell.core.retry.Retry$.withRetry(Retry.scala:37)
	at cromwell.core.retry.Retry$$anonfun$withRetry$1.$anonfun$applyOrElse$3(Retry.scala:44)
	at akka.pattern.FutureTimeoutSupport.liftedTree1$1(FutureTimeoutSupport.scala:26)
	at akka.pattern.FutureTimeoutSupport.$anonfun$after$1(FutureTimeoutSupport.scala:26)
	at akka.actor.Scheduler$$anon$4.run(Scheduler.scala:205)
	at akka.dispatch.TaskInvocation.run(AbstractDispatcher.scala:40)
	at akka.dispatch.ForkJoinExecutorConfigurator$AkkaForkJoinTask.exec(ForkJoinExecutorConfigurator.scala:44)
	at akka.dispatch.forkjoin.ForkJoinTask.doExec(ForkJoinTask.java:260)
	at akka.dispatch.forkjoin.ForkJoinPool$WorkQueue.runTask(ForkJoinPool.java:1339)
	at akka.dispatch.forkjoin.ForkJoinPool.runWorker(ForkJoinPool.java:1979)
	at akka.dispatch.forkjoin.ForkJoinWorkerThread.run(ForkJoinWorkerThread.java:107)
Caused by: common.exception.AggregatedMessageException: Error(s):
:
java.lang.IllegalArgumentException: Either gs://ngb_cloud/fastq/NGB0-075-KOD-NEB-18-2_S24_L001_R1_001.fastq.gz exists on a filesystem not supported by this instance of Cromwell, or a failure occurred while building an actionable path from it. Supported filesystems are: HTTP, LinuxFileSystem. Failures: HTTP: gs://ngb_cloud/fastq/NGB0-075-KOD-NEB-18-2_S24_L001_R1_001.fastq.gz does not have an http or https scheme (IllegalArgumentException)
LinuxFileSystem: Cannot build a local path from gs://ngb_cloud/fastq/NGB0-075-KOD-NEB-18-2_S24_L001_R1_001.fastq.gz (RuntimeException) Please refer to the documentation for more information on how to configure filesystems: http://cromwell.readthedocs.io/en/develop/backends/HPC/#filesystems
	Either gs://ngb_cloud/fastq/NGB0-075-KOD-NEB-18-2_S24_L001_R1_001.fastq.gz exists on a filesystem not supported by this instance of Cromwell, or a failure occurred while building an actionable path from it. Supported filesystems are: HTTP, LinuxFileSystem. Failures: HTTP: gs://ngb_cloud/fastq/NGB0-075-KOD-NEB-18-2_S24_L001_R1_001.fastq.gz does not have an http or https scheme (IllegalArgumentException)
LinuxFileSystem: Cannot build a local path from gs://ngb_cloud/fastq/NGB0-075-KOD-NEB-18-2_S24_L001_R1_001.fastq.gz (RuntimeException) Please refer to the documentation for more information on how to configure filesystems: http://cromwell.readthedocs.io/en/develop/backends/HPC/#filesystems
java.lang.IllegalArgumentException: Either gs://ngb_cloud/fastq/NGB0-075-KOD-NEB-18-2_S24_L001_R2_001.fastq.gz exists on a filesystem not supported by this instance of Cromwell, or a failure occurred while building an actionable path from it. Supported filesystems are: HTTP, LinuxFileSystem. Failures: HTTP: gs://ngb_cloud/fastq/NGB0-075-KOD-NEB-18-2_S24_L001_R2_001.fastq.gz does not have an http or https scheme (IllegalArgumentException)
LinuxFileSystem: Cannot build a local path from gs://ngb_cloud/fastq/NGB0-075-KOD-NEB-18-2_S24_L001_R2_001.fastq.gz (RuntimeException) Please refer to the documentation for more information on how to configure filesystems: http://cromwell.readthedocs.io/en/develop/backends/HPC/#filesystems
	Either gs://ngb_cloud/fastq/NGB0-075-KOD-NEB-18-2_S24_L001_R2_001.fastq.gz exists on a filesystem not supported by this instance of Cromwell, or a failure occurred while building an actionable path from it. Supported filesystems are: HTTP, LinuxFileSystem. Failures: HTTP: gs://ngb_cloud/fastq/NGB0-075-KOD-NEB-18-2_S24_L001_R2_001.fastq.gz does not have an http or https scheme (IllegalArgumentException)
LinuxFileSystem: Cannot build a local path from gs://ngb_cloud/fastq/NGB0-075-KOD-NEB-18-2_S24_L001_R2_001.fastq.gz (RuntimeException) Please refer to the documentation for more information on how to configure filesystems: http://cromwell.readthedocs.io/en/develop/backends/HPC/#filesystems
	at common.validation.Validation$ValidationTry$.toTry$extension1(Validation.scala:68)
	at common.validation.Validation$ValidationTry$.toTry$extension0(Validation.scala:64)
	at cromwell.backend.standard.StandardAsyncExecutionActor.instantiatedCommand(StandardAsyncExecutionActor.scala:554)
	... 35 common frames omitted
2018-10-11 09:50:45,277 ERROR - BackgroundConfigAsyncJobExecutionActor [UUID(1babd0a5)ConvertPairedFastQsToUnmappedBamWf.PairedFastQsToUnmappedBAM:0:1]: Error attempting to Execute
java.lang.Exception: Failed command instantiation
	at cromwell.backend.standard.StandardAsyncExecutionActor.instantiatedCommand(StandardAsyncExecutionActor.scala:556)
	at cromwell.backend.standard.StandardAsyncExecutionActor.instantiatedCommand$(StandardAsyncExecutionActor.scala:491)
	at cromwell.backend.impl.sfs.config.BackgroundConfigAsyncJobExecutionActor.instantiatedCommand$lzycompute(ConfigAsyncJobExecutionActor.scala:193)
	at cromwell.backend.impl.sfs.config.BackgroundConfigAsyncJobExecutionActor.instantiatedCommand(ConfigAsyncJobExecutionActor.scala:193)
	at cromwell.backend.standard.StandardAsyncExecutionActor.commandScriptContents(StandardAsyncExecutionActor.scala:308)
	at cromwell.backend.standard.StandardAsyncExecutionActor.commandScriptContents$(StandardAsyncExecutionActor.scala:307)
	at cromwell.backend.impl.sfs.config.BackgroundConfigAsyncJobExecutionActor.commandScriptContents(ConfigAsyncJobExecutionActor.scala:193)
	at cromwell.backend.sfs.SharedFileSystemAsyncJobExecutionActor.writeScriptContents(SharedFileSystemAsyncJobExecutionActor.scala:141)
	at cromwell.backend.sfs.SharedFileSystemAsyncJobExecutionActor.writeScriptContents$(SharedFileSystemAsyncJobExecutionActor.scala:140)
	at cromwell.backend.impl.sfs.config.BackgroundConfigAsyncJobExecutionActor.cromwell$backend$sfs$BackgroundAsyncJobExecutionActor$$super$writeScriptContents(ConfigAsyncJobExecutionActor.scala:193)
	at cromwell.backend.sfs.BackgroundAsyncJobExecutionActor.writeScriptContents(BackgroundAsyncJobExecutionActor.scala:12)
	at cromwell.backend.sfs.BackgroundAsyncJobExecutionActor.writeScriptContents$(BackgroundAsyncJobExecutionActor.scala:11)
	at cromwell.backend.impl.sfs.config.BackgroundConfigAsyncJobExecutionActor.writeScriptContents(ConfigAsyncJobExecutionActor.scala:193)
	at cromwell.backend.sfs.SharedFileSystemAsyncJobExecutionActor.execute(SharedFileSystemAsyncJobExecutionActor.scala:124)
	at cromwell.backend.sfs.SharedFileSystemAsyncJobExecutionActor.execute$(SharedFileSystemAsyncJobExecutionActor.scala:121)
	at cromwell.backend.impl.sfs.config.BackgroundConfigAsyncJobExecutionActor.execute(ConfigAsyncJobExecutionActor.scala:193)
	at cromwell.backend.standard.StandardAsyncExecutionActor.$anonfun$executeAsync$1(StandardAsyncExecutionActor.scala:619)
	at scala.util.Try$.apply(Try.scala:209)
	at cromwell.backend.standard.StandardAsyncExecutionActor.executeAsync(StandardAsyncExecutionActor.scala:619)
	at cromwell.backend.standard.StandardAsyncExecutionActor.executeAsync$(StandardAsyncExecutionActor.scala:619)
	at cromwell.backend.impl.sfs.config.BackgroundConfigAsyncJobExecutionActor.executeAsync(ConfigAsyncJobExecutionActor.scala:193)
	at cromwell.backend.standard.StandardAsyncExecutionActor.executeOrRecover(StandardAsyncExecutionActor.scala:934)
	at cromwell.backend.standard.StandardAsyncExecutionActor.executeOrRecover$(StandardAsyncExecutionActor.scala:926)
	at cromwell.backend.impl.sfs.config.BackgroundConfigAsyncJobExecutionActor.executeOrRecover(ConfigAsyncJobExecutionActor.scala:193)
	at cromwell.backend.async.AsyncBackendJobExecutionActor.$anonfun$robustExecuteOrRecover$1(AsyncBackendJobExecutionActor.scala:65)
	at cromwell.core.retry.Retry$.withRetry(Retry.scala:37)
	at cromwell.core.retry.Retry$$anonfun$withRetry$1.$anonfun$applyOrElse$3(Retry.scala:44)
	at akka.pattern.FutureTimeoutSupport.liftedTree1$1(FutureTimeoutSupport.scala:26)
	at akka.pattern.FutureTimeoutSupport.$anonfun$after$1(FutureTimeoutSupport.scala:26)
	at akka.actor.Scheduler$$anon$4.run(Scheduler.scala:205)
	at akka.dispatch.TaskInvocation.run(AbstractDispatcher.scala:40)
	at akka.dispatch.ForkJoinExecutorConfigurator$AkkaForkJoinTask.exec(ForkJoinExecutorConfigurator.scala:44)
	at akka.dispatch.forkjoin.ForkJoinTask.doExec(ForkJoinTask.java:260)
	at akka.dispatch.forkjoin.ForkJoinPool$WorkQueue.runTask(ForkJoinPool.java:1339)
	at akka.dispatch.forkjoin.ForkJoinPool.runWorker(ForkJoinPool.java:1979)
	at akka.dispatch.forkjoin.ForkJoinWorkerThread.run(ForkJoinWorkerThread.java:107)
Caused by: common.exception.AggregatedMessageException: Error(s):
:
java.lang.IllegalArgumentException: Either gs://ngb_cloud/fastq/NGB0-075-KOD-NEB-18-2_S24_L001_R1_001.fastq.gz exists on a filesystem not supported by this instance of Cromwell, or a failure occurred while building an actionable path from it. Supported filesystems are: HTTP, LinuxFileSystem. Failures: HTTP: gs://ngb_cloud/fastq/NGB0-075-KOD-NEB-18-2_S24_L001_R1_001.fastq.gz does not have an http or https scheme (IllegalArgumentException)
LinuxFileSystem: Cannot build a local path from gs://ngb_cloud/fastq/NGB0-075-KOD-NEB-18-2_S24_L001_R1_001.fastq.gz (RuntimeException) Please refer to the documentation for more information on how to configure filesystems: http://cromwell.readthedocs.io/en/develop/backends/HPC/#filesystems
	Either gs://ngb_cloud/fastq/NGB0-075-KOD-NEB-18-2_S24_L001_R1_001.fastq.gz exists on a filesystem not supported by this instance of Cromwell, or a failure occurred while building an actionable path from it. Supported filesystems are: HTTP, LinuxFileSystem. Failures: HTTP: gs://ngb_cloud/fastq/NGB0-075-KOD-NEB-18-2_S24_L001_R1_001.fastq.gz does not have an http or https scheme (IllegalArgumentException)
LinuxFileSystem: Cannot build a local path from gs://ngb_cloud/fastq/NGB0-075-KOD-NEB-18-2_S24_L001_R1_001.fastq.gz (RuntimeException) Please refer to the documentation for more information on how to configure filesystems: http://cromwell.readthedocs.io/en/develop/backends/HPC/#filesystems
java.lang.IllegalArgumentException: Either gs://ngb_cloud/fastq/NGB0-075-KOD-NEB-18-2_S24_L001_R2_001.fastq.gz exists on a filesystem not supported by this instance of Cromwell, or a failure occurred while building an actionable path from it. Supported filesystems are: HTTP, LinuxFileSystem. Failures: HTTP: gs://ngb_cloud/fastq/NGB0-075-KOD-NEB-18-2_S24_L001_R2_001.fastq.gz does not have an http or https scheme (IllegalArgumentException)
LinuxFileSystem: Cannot build a local path from gs://ngb_cloud/fastq/NGB0-075-KOD-NEB-18-2_S24_L001_R2_001.fastq.gz (RuntimeException) Please refer to the documentation for more information on how to configure filesystems: http://cromwell.readthedocs.io/en/develop/backends/HPC/#filesystems
	Either gs://ngb_cloud/fastq/NGB0-075-KOD-NEB-18-2_S24_L001_R2_001.fastq.gz exists on a filesystem not supported by this instance of Cromwell, or a failure occurred while building an actionable path from it. Supported filesystems are: HTTP, LinuxFileSystem. Failures: HTTP: gs://ngb_cloud/fastq/NGB0-075-KOD-NEB-18-2_S24_L001_R2_001.fastq.gz does not have an http or https scheme (IllegalArgumentException)
LinuxFileSystem: Cannot build a local path from gs://ngb_cloud/fastq/NGB0-075-KOD-NEB-18-2_S24_L001_R2_001.fastq.gz (RuntimeException) Please refer to the documentation for more information on how to configure filesystems: http://cromwell.readthedocs.io/en/develop/backends/HPC/#filesystems
	at common.validation.Validation$ValidationTry$.toTry$extension1(Validation.scala:68)
	at common.validation.Validation$ValidationTry$.toTry$extension0(Validation.scala:64)
	at cromwell.backend.standard.StandardAsyncExecutionActor.instantiatedCommand(StandardAsyncExecutionActor.scala:554)
	... 35 common frames omitted
2018-10-11 09:50:52,168 ERROR - BackgroundConfigAsyncJobExecutionActor [UUID(1babd0a5)ConvertPairedFastQsToUnmappedBamWf.PairedFastQsToUnmappedBAM:0:1]: Error attempting to Execute
java.lang.Exception: Failed command instantiation
	at cromwell.backend.standard.StandardAsyncExecutionActor.instantiatedCommand(StandardAsyncExecutionActor.scala:556)
	at cromwell.backend.standard.StandardAsyncExecutionActor.instantiatedCommand$(StandardAsyncExecutionActor.scala:491)
	at cromwell.backend.impl.sfs.config.BackgroundConfigAsyncJobExecutionActor.instantiatedCommand$lzycompute(ConfigAsyncJobExecutionActor.scala:193)
	at cromwell.backend.impl.sfs.config.BackgroundConfigAsyncJobExecutionActor.instantiatedCommand(ConfigAsyncJobExecutionActor.scala:193)
	at cromwell.backend.standard.StandardAsyncExecutionActor.commandScriptContents(StandardAsyncExecutionActor.scala:308)
	at cromwell.backend.standard.StandardAsyncExecutionActor.commandScriptContents$(StandardAsyncExecutionActor.scala:307)
	at cromwell.backend.impl.sfs.config.BackgroundConfigAsyncJobExecutionActor.commandScriptContents(ConfigAsyncJobExecutionActor.scala:193)
	at cromwell.backend.sfs.SharedFileSystemAsyncJobExecutionActor.writeScriptContents(SharedFileSystemAsyncJobExecutionActor.scala:141)
	at cromwell.backend.sfs.SharedFileSystemAsyncJobExecutionActor.writeScriptContents$(SharedFileSystemAsyncJobExecutionActor.scala:140)
	at cromwell.backend.impl.sfs.config.BackgroundConfigAsyncJobExecutionActor.cromwell$backend$sfs$BackgroundAsyncJobExecutionActor$$super$writeScriptContents(ConfigAsyncJobExecutionActor.scala:193)
	at cromwell.backend.sfs.BackgroundAsyncJobExecutionActor.writeScriptContents(BackgroundAsyncJobExecutionActor.scala:12)
	at cromwell.backend.sfs.BackgroundAsyncJobExecutionActor.writeScriptContents$(BackgroundAsyncJobExecutionActor.scala:11)
	at cromwell.backend.impl.sfs.config.BackgroundConfigAsyncJobExecutionActor.writeScriptContents(ConfigAsyncJobExecutionActor.scala:193)
	at cromwell.backend.sfs.SharedFileSystemAsyncJobExecutionActor.execute(SharedFileSystemAsyncJobExecutionActor.scala:124)
	at cromwell.backend.sfs.SharedFileSystemAsyncJobExecutionActor.execute$(SharedFileSystemAsyncJobExecutionActor.scala:121)
	at cromwell.backend.impl.sfs.config.BackgroundConfigAsyncJobExecutionActor.execute(ConfigAsyncJobExecutionActor.scala:193)
	at cromwell.backend.standard.StandardAsyncExecutionActor.$anonfun$executeAsync$1(StandardAsyncExecutionActor.scala:619)
	at scala.util.Try$.apply(Try.scala:209)
	at cromwell.backend.standard.StandardAsyncExecutionActor.executeAsync(StandardAsyncExecutionActor.scala:619)
	at cromwell.backend.standard.StandardAsyncExecutionActor.executeAsync$(StandardAsyncExecutionActor.scala:619)
	at cromwell.backend.impl.sfs.config.BackgroundConfigAsyncJobExecutionActor.executeAsync(ConfigAsyncJobExecutionActor.scala:193)
	at cromwell.backend.standard.StandardAsyncExecutionActor.executeOrRecover(StandardAsyncExecutionActor.scala:934)
	at cromwell.backend.standard.StandardAsyncExecutionActor.executeOrRecover$(StandardAsyncExecutionActor.scala:926)
	at cromwell.backend.impl.sfs.config.BackgroundConfigAsyncJobExecutionActor.executeOrRecover(ConfigAsyncJobExecutionActor.scala:193)
	at cromwell.backend.async.AsyncBackendJobExecutionActor.$anonfun$robustExecuteOrRecover$1(AsyncBackendJobExecutionActor.scala:65)
	at cromwell.core.retry.Retry$.withRetry(Retry.scala:37)
	at cromwell.core.retry.Retry$$anonfun$withRetry$1.$anonfun$applyOrElse$3(Retry.scala:44)
	at akka.pattern.FutureTimeoutSupport.liftedTree1$1(FutureTimeoutSupport.scala:26)
	at akka.pattern.FutureTimeoutSupport.$anonfun$after$1(FutureTimeoutSupport.scala:26)
	at akka.actor.Scheduler$$anon$4.run(Scheduler.scala:205)
	at akka.dispatch.TaskInvocation.run(AbstractDispatcher.scala:40)
	at akka.dispatch.ForkJoinExecutorConfigurator$AkkaForkJoinTask.exec(ForkJoinExecutorConfigurator.scala:44)
	at akka.dispatch.forkjoin.ForkJoinTask.doExec(ForkJoinTask.java:260)
	at akka.dispatch.forkjoin.ForkJoinPool$WorkQueue.runTask(ForkJoinPool.java:1339)
	at akka.dispatch.forkjoin.ForkJoinPool.runWorker(ForkJoinPool.java:1979)
	at akka.dispatch.forkjoin.ForkJoinWorkerThread.run(ForkJoinWorkerThread.java:107)
Caused by: common.exception.AggregatedMessageException: Error(s):
:
java.lang.IllegalArgumentException: Either gs://ngb_cloud/fastq/NGB0-075-KOD-NEB-18-2_S24_L001_R1_001.fastq.gz exists on a filesystem not supported by this instance of Cromwell, or a failure occurred while building an actionable path from it. Supported filesystems are: HTTP, LinuxFileSystem. Failures: HTTP: gs://ngb_cloud/fastq/NGB0-075-KOD-NEB-18-2_S24_L001_R1_001.fastq.gz does not have an http or https scheme (IllegalArgumentException)
LinuxFileSystem: Cannot build a local path from gs://ngb_cloud/fastq/NGB0-075-KOD-NEB-18-2_S24_L001_R1_001.fastq.gz (RuntimeException) Please refer to the documentation for more information on how to configure filesystems: http://cromwell.readthedocs.io/en/develop/backends/HPC/#filesystems
	Either gs://ngb_cloud/fastq/NGB0-075-KOD-NEB-18-2_S24_L001_R1_001.fastq.gz exists on a filesystem not supported by this instance of Cromwell, or a failure occurred while building an actionable path from it. Supported filesystems are: HTTP, LinuxFileSystem. Failures: HTTP: gs://ngb_cloud/fastq/NGB0-075-KOD-NEB-18-2_S24_L001_R1_001.fastq.gz does not have an http or https scheme (IllegalArgumentException)
LinuxFileSystem: Cannot build a local path from gs://ngb_cloud/fastq/NGB0-075-KOD-NEB-18-2_S24_L001_R1_001.fastq.gz (RuntimeException) Please refer to the documentation for more information on how to configure filesystems: http://cromwell.readthedocs.io/en/develop/backends/HPC/#filesystems
java.lang.IllegalArgumentException: Either gs://ngb_cloud/fastq/NGB0-075-KOD-NEB-18-2_S24_L001_R2_001.fastq.gz exists on a filesystem not supported by this instance of Cromwell, or a failure occurred while building an actionable path from it. Supported filesystems are: HTTP, LinuxFileSystem. Failures: HTTP: gs://ngb_cloud/fastq/NGB0-075-KOD-NEB-18-2_S24_L001_R2_001.fastq.gz does not have an http or https scheme (IllegalArgumentException)
LinuxFileSystem: Cannot build a local path from gs://ngb_cloud/fastq/NGB0-075-KOD-NEB-18-2_S24_L001_R2_001.fastq.gz (RuntimeException) Please refer to the documentation for more information on how to configure filesystems: http://cromwell.readthedocs.io/en/develop/backends/HPC/#filesystems
	Either gs://ngb_cloud/fastq/NGB0-075-KOD-NEB-18-2_S24_L001_R2_001.fastq.gz exists on a filesystem not supported by this instance of Cromwell, or a failure occurred while building an actionable path from it. Supported filesystems are: HTTP, LinuxFileSystem. Failures: HTTP: gs://ngb_cloud/fastq/NGB0-075-KOD-NEB-18-2_S24_L001_R2_001.fastq.gz does not have an http or https scheme (IllegalArgumentException)
LinuxFileSystem: Cannot build a local path from gs://ngb_cloud/fastq/NGB0-075-KOD-NEB-18-2_S24_L001_R2_001.fastq.gz (RuntimeException) Please refer to the documentation for more information on how to configure filesystems: http://cromwell.readthedocs.io/en/develop/backends/HPC/#filesystems
	at common.validation.Validation$ValidationTry$.toTry$extension1(Validation.scala:68)
	at common.validation.Validation$ValidationTry$.toTry$extension0(Validation.scala:64)
	at cromwell.backend.standard.StandardAsyncExecutionActor.instantiatedCommand(StandardAsyncExecutionActor.scala:554)
	... 35 common frames omitted
2018-10-11 09:50:56,898 ERROR - BackgroundConfigAsyncJobExecutionActor [UUID(1babd0a5)ConvertPairedFastQsToUnmappedBamWf.PairedFastQsToUnmappedBAM:0:1]: Error attempting to Execute
java.lang.Exception: Failed command instantiation
	at cromwell.backend.standard.StandardAsyncExecutionActor.instantiatedCommand(StandardAsyncExecutionActor.scala:556)
	at cromwell.backend.standard.StandardAsyncExecutionActor.instantiatedCommand$(StandardAsyncExecutionActor.scala:491)
	at cromwell.backend.impl.sfs.config.BackgroundConfigAsyncJobExecutionActor.instantiatedCommand$lzycompute(ConfigAsyncJobExecutionActor.scala:193)
	at cromwell.backend.impl.sfs.config.BackgroundConfigAsyncJobExecutionActor.instantiatedCommand(ConfigAsyncJobExecutionActor.scala:193)
	at cromwell.backend.standard.StandardAsyncExecutionActor.commandScriptContents(StandardAsyncExecutionActor.scala:308)
	at cromwell.backend.standard.StandardAsyncExecutionActor.commandScriptContents$(StandardAsyncExecutionActor.scala:307)
	at cromwell.backend.impl.sfs.config.BackgroundConfigAsyncJobExecutionActor.commandScriptContents(ConfigAsyncJobExecutionActor.scala:193)
	at cromwell.backend.sfs.SharedFileSystemAsyncJobExecutionActor.writeScriptContents(SharedFileSystemAsyncJobExecutionActor.scala:141)
	at cromwell.backend.sfs.SharedFileSystemAsyncJobExecutionActor.writeScriptContents$(SharedFileSystemAsyncJobExecutionActor.scala:140)
	at cromwell.backend.impl.sfs.config.BackgroundConfigAsyncJobExecutionActor.cromwell$backend$sfs$BackgroundAsyncJobExecutionActor$$super$writeScriptContents(ConfigAsyncJobExecutionActor.scala:193)
	at cromwell.backend.sfs.BackgroundAsyncJobExecutionActor.writeScriptContents(BackgroundAsyncJobExecutionActor.scala:12)
	at cromwell.backend.sfs.BackgroundAsyncJobExecutionActor.writeScriptContents$(BackgroundAsyncJobExecutionActor.scala:11)
	at cromwell.backend.impl.sfs.config.BackgroundConfigAsyncJobExecutionActor.writeScriptContents(ConfigAsyncJobExecutionActor.scala:193)
	at cromwell.backend.sfs.SharedFileSystemAsyncJobExecutionActor.execute(SharedFileSystemAsyncJobExecutionActor.scala:124)
	at cromwell.backend.sfs.SharedFileSystemAsyncJobExecutionActor.execute$(SharedFileSystemAsyncJobExecutionActor.scala:121)
	at cromwell.backend.impl.sfs.config.BackgroundConfigAsyncJobExecutionActor.execute(ConfigAsyncJobExecutionActor.scala:193)
	at cromwell.backend.standard.StandardAsyncExecutionActor.$anonfun$executeAsync$1(StandardAsyncExecutionActor.scala:619)
	at scala.util.Try$.apply(Try.scala:209)
	at cromwell.backend.standard.StandardAsyncExecutionActor.executeAsync(StandardAsyncExecutionActor.scala:619)
	at cromwell.backend.standard.StandardAsyncExecutionActor.executeAsync$(StandardAsyncExecutionActor.scala:619)
	at cromwell.backend.impl.sfs.config.BackgroundConfigAsyncJobExecutionActor.executeAsync(ConfigAsyncJobExecutionActor.scala:193)
	at cromwell.backend.standard.StandardAsyncExecutionActor.executeOrRecover(StandardAsyncExecutionActor.scala:934)
	at cromwell.backend.standard.StandardAsyncExecutionActor.executeOrRecover$(StandardAsyncExecutionActor.scala:926)
	at cromwell.backend.impl.sfs.config.BackgroundConfigAsyncJobExecutionActor.executeOrRecover(ConfigAsyncJobExecutionActor.scala:193)
	at cromwell.backend.async.AsyncBackendJobExecutionActor.$anonfun$robustExecuteOrRecover$1(AsyncBackendJobExecutionActor.scala:65)
	at cromwell.core.retry.Retry$.withRetry(Retry.scala:37)
	at cromwell.core.retry.Retry$$anonfun$withRetry$1.$anonfun$applyOrElse$3(Retry.scala:44)
	at akka.pattern.FutureTimeoutSupport.liftedTree1$1(FutureTimeoutSupport.scala:26)
	at akka.pattern.FutureTimeoutSupport.$anonfun$after$1(FutureTimeoutSupport.scala:26)
	at akka.actor.Scheduler$$anon$4.run(Scheduler.scala:205)
	at akka.dispatch.TaskInvocation.run(AbstractDispatcher.scala:40)
	at akka.dispatch.ForkJoinExecutorConfigurator$AkkaForkJoinTask.exec(ForkJoinExecutorConfigurator.scala:44)
	at akka.dispatch.forkjoin.ForkJoinTask.doExec(ForkJoinTask.java:260)
	at akka.dispatch.forkjoin.ForkJoinPool$WorkQueue.runTask(ForkJoinPool.java:1339)
	at akka.dispatch.forkjoin.ForkJoinPool.runWorker(ForkJoinPool.java:1979)
	at akka.dispatch.forkjoin.ForkJoinWorkerThread.run(ForkJoinWorkerThread.java:107)
Caused by: common.exception.AggregatedMessageException: Error(s):
:
java.lang.IllegalArgumentException: Either gs://ngb_cloud/fastq/NGB0-075-KOD-NEB-18-2_S24_L001_R1_001.fastq.gz exists on a filesystem not supported by this instance of Cromwell, or a failure occurred while building an actionable path from it. Supported filesystems are: HTTP, LinuxFileSystem. Failures: HTTP: gs://ngb_cloud/fastq/NGB0-075-KOD-NEB-18-2_S24_L001_R1_001.fastq.gz does not have an http or https scheme (IllegalArgumentException)
LinuxFileSystem: Cannot build a local path from gs://ngb_cloud/fastq/NGB0-075-KOD-NEB-18-2_S24_L001_R1_001.fastq.gz (RuntimeException) Please refer to the documentation for more information on how to configure filesystems: http://cromwell.readthedocs.io/en/develop/backends/HPC/#filesystems
	Either gs://ngb_cloud/fastq/NGB0-075-KOD-NEB-18-2_S24_L001_R1_001.fastq.gz exists on a filesystem not supported by this instance of Cromwell, or a failure occurred while building an actionable path from it. Supported filesystems are: HTTP, LinuxFileSystem. Failures: HTTP: gs://ngb_cloud/fastq/NGB0-075-KOD-NEB-18-2_S24_L001_R1_001.fastq.gz does not have an http or https scheme (IllegalArgumentException)
LinuxFileSystem: Cannot build a local path from gs://ngb_cloud/fastq/NGB0-075-KOD-NEB-18-2_S24_L001_R1_001.fastq.gz (RuntimeException) Please refer to the documentation for more information on how to configure filesystems: http://cromwell.readthedocs.io/en/develop/backends/HPC/#filesystems
java.lang.IllegalArgumentException: Either gs://ngb_cloud/fastq/NGB0-075-KOD-NEB-18-2_S24_L001_R2_001.fastq.gz exists on a filesystem not supported by this instance of Cromwell, or a failure occurred while building an actionable path from it. Supported filesystems are: HTTP, LinuxFileSystem. Failures: HTTP: gs://ngb_cloud/fastq/NGB0-075-KOD-NEB-18-2_S24_L001_R2_001.fastq.gz does not have an http or https scheme (IllegalArgumentException)
LinuxFileSystem: Cannot build a local path from gs://ngb_cloud/fastq/NGB0-075-KOD-NEB-18-2_S24_L001_R2_001.fastq.gz (RuntimeException) Please refer to the documentation for more information on how to configure filesystems: http://cromwell.readthedocs.io/en/develop/backends/HPC/#filesystems
	Either gs://ngb_cloud/fastq/NGB0-075-KOD-NEB-18-2_S24_L001_R2_001.fastq.gz exists on a filesystem not supported by this instance of Cromwell, or a failure occurred while building an actionable path from it. Supported filesystems are: HTTP, LinuxFileSystem. Failures: HTTP: gs://ngb_cloud/fastq/NGB0-075-KOD-NEB-18-2_S24_L001_R2_001.fastq.gz does not have an http or https scheme (IllegalArgumentException)
LinuxFileSystem: Cannot build a local path from gs://ngb_cloud/fastq/NGB0-075-KOD-NEB-18-2_S24_L001_R2_001.fastq.gz (RuntimeException) Please refer to the documentation for more information on how to configure filesystems: http://cromwell.readthedocs.io/en/develop/backends/HPC/#filesystems
	at common.validation.Validation$ValidationTry$.toTry$extension1(Validation.scala:68)
	at common.validation.Validation$ValidationTry$.toTry$extension0(Validation.scala:64)
	at cromwell.backend.standard.StandardAsyncExecutionActor.instantiatedCommand(StandardAsyncExecutionActor.scala:554)
	... 35 common frames omitted
2018-10-11 09:51:01,969 ERROR - BackgroundConfigAsyncJobExecutionActor [UUID(1babd0a5)ConvertPairedFastQsToUnmappedBamWf.PairedFastQsToUnmappedBAM:0:1]: Error attempting to Execute
java.lang.Exception: Failed command instantiation
	at cromwell.backend.standard.StandardAsyncExecutionActor.instantiatedCommand(StandardAsyncExecutionActor.scala:556)
	at cromwell.backend.standard.StandardAsyncExecutionActor.instantiatedCommand$(StandardAsyncExecutionActor.scala:491)
	at cromwell.backend.impl.sfs.config.BackgroundConfigAsyncJobExecutionActor.instantiatedCommand$lzycompute(ConfigAsyncJobExecutionActor.scala:193)
	at cromwell.backend.impl.sfs.config.BackgroundConfigAsyncJobExecutionActor.instantiatedCommand(ConfigAsyncJobExecutionActor.scala:193)
	at cromwell.backend.standard.StandardAsyncExecutionActor.commandScriptContents(StandardAsyncExecutionActor.scala:308)
	at cromwell.backend.standard.StandardAsyncExecutionActor.commandScriptContents$(StandardAsyncExecutionActor.scala:307)
	at cromwell.backend.impl.sfs.config.BackgroundConfigAsyncJobExecutionActor.commandScriptContents(ConfigAsyncJobExecutionActor.scala:193)
	at cromwell.backend.sfs.SharedFileSystemAsyncJobExecutionActor.writeScriptContents(SharedFileSystemAsyncJobExecutionActor.scala:141)
	at cromwell.backend.sfs.SharedFileSystemAsyncJobExecutionActor.writeScriptContents$(SharedFileSystemAsyncJobExecutionActor.scala:140)
	at cromwell.backend.impl.sfs.config.BackgroundConfigAsyncJobExecutionActor.cromwell$backend$sfs$BackgroundAsyncJobExecutionActor$$super$writeScriptContents(ConfigAsyncJobExecutionActor.scala:193)
	at cromwell.backend.sfs.BackgroundAsyncJobExecutionActor.writeScriptContents(BackgroundAsyncJobExecutionActor.scala:12)
	at cromwell.backend.sfs.BackgroundAsyncJobExecutionActor.writeScriptContents$(BackgroundAsyncJobExecutionActor.scala:11)
	at cromwell.backend.impl.sfs.config.BackgroundConfigAsyncJobExecutionActor.writeScriptContents(ConfigAsyncJobExecutionActor.scala:193)
	at cromwell.backend.sfs.SharedFileSystemAsyncJobExecutionActor.execute(SharedFileSystemAsyncJobExecutionActor.scala:124)
	at cromwell.backend.sfs.SharedFileSystemAsyncJobExecutionActor.execute$(SharedFileSystemAsyncJobExecutionActor.scala:121)
	at cromwell.backend.impl.sfs.config.BackgroundConfigAsyncJobExecutionActor.execute(ConfigAsyncJobExecutionActor.scala:193)
	at cromwell.backend.standard.StandardAsyncExecutionActor.$anonfun$executeAsync$1(StandardAsyncExecutionActor.scala:619)
	at scala.util.Try$.apply(Try.scala:209)
	at cromwell.backend.standard.StandardAsyncExecutionActor.executeAsync(StandardAsyncExecutionActor.scala:619)
	at cromwell.backend.standard.StandardAsyncExecutionActor.executeAsync$(StandardAsyncExecutionActor.scala:619)
	at cromwell.backend.impl.sfs.config.BackgroundConfigAsyncJobExecutionActor.executeAsync(ConfigAsyncJobExecutionActor.scala:193)
	at cromwell.backend.standard.StandardAsyncExecutionActor.executeOrRecover(StandardAsyncExecutionActor.scala:934)
	at cromwell.backend.standard.StandardAsyncExecutionActor.executeOrRecover$(StandardAsyncExecutionActor.scala:926)
	at cromwell.backend.impl.sfs.config.BackgroundConfigAsyncJobExecutionActor.executeOrRecover(ConfigAsyncJobExecutionActor.scala:193)
	at cromwell.backend.async.AsyncBackendJobExecutionActor.$anonfun$robustExecuteOrRecover$1(AsyncBackendJobExecutionActor.scala:65)
	at cromwell.core.retry.Retry$.withRetry(Retry.scala:37)
	at cromwell.core.retry.Retry$$anonfun$withRetry$1.$anonfun$applyOrElse$3(Retry.scala:44)
	at akka.pattern.FutureTimeoutSupport.liftedTree1$1(FutureTimeoutSupport.scala:26)
	at akka.pattern.FutureTimeoutSupport.$anonfun$after$1(FutureTimeoutSupport.scala:26)
	at akka.actor.Scheduler$$anon$4.run(Scheduler.scala:205)
	at akka.dispatch.TaskInvocation.run(AbstractDispatcher.scala:40)
	at akka.dispatch.ForkJoinExecutorConfigurator$AkkaForkJoinTask.exec(ForkJoinExecutorConfigurator.scala:44)
	at akka.dispatch.forkjoin.ForkJoinTask.doExec(ForkJoinTask.java:260)
	at akka.dispatch.forkjoin.ForkJoinPool$WorkQueue.runTask(ForkJoinPool.java:1339)
	at akka.dispatch.forkjoin.ForkJoinPool.runWorker(ForkJoinPool.java:1979)
	at akka.dispatch.forkjoin.ForkJoinWorkerThread.run(ForkJoinWorkerThread.java:107)
Caused by: common.exception.AggregatedMessageException: Error(s):
:
java.lang.IllegalArgumentException: Either gs://ngb_cloud/fastq/NGB0-075-KOD-NEB-18-2_S24_L001_R1_001.fastq.gz exists on a filesystem not supported by this instance of Cromwell, or a failure occurred while building an actionable path from it. Supported filesystems are: HTTP, LinuxFileSystem. Failures: HTTP: gs://ngb_cloud/fastq/NGB0-075-KOD-NEB-18-2_S24_L001_R1_001.fastq.gz does not have an http or https scheme (IllegalArgumentException)
LinuxFileSystem: Cannot build a local path from gs://ngb_cloud/fastq/NGB0-075-KOD-NEB-18-2_S24_L001_R1_001.fastq.gz (RuntimeException) Please refer to the documentation for more information on how to configure filesystems: http://cromwell.readthedocs.io/en/develop/backends/HPC/#filesystems
	Either gs://ngb_cloud/fastq/NGB0-075-KOD-NEB-18-2_S24_L001_R1_001.fastq.gz exists on a filesystem not supported by this instance of Cromwell, or a failure occurred while building an actionable path from it. Supported filesystems are: HTTP, LinuxFileSystem. Failures: HTTP: gs://ngb_cloud/fastq/NGB0-075-KOD-NEB-18-2_S24_L001_R1_001.fastq.gz does not have an http or https scheme (IllegalArgumentException)
LinuxFileSystem: Cannot build a local path from gs://ngb_cloud/fastq/NGB0-075-KOD-NEB-18-2_S24_L001_R1_001.fastq.gz (RuntimeException) Please refer to the documentation for more information on how to configure filesystems: http://cromwell.readthedocs.io/en/develop/backends/HPC/#filesystems
java.lang.IllegalArgumentException: Either gs://ngb_cloud/fastq/NGB0-075-KOD-NEB-18-2_S24_L001_R2_001.fastq.gz exists on a filesystem not supported by this instance of Cromwell, or a failure occurred while building an actionable path from it. Supported filesystems are: HTTP, LinuxFileSystem. Failures: HTTP: gs://ngb_cloud/fastq/NGB0-075-KOD-NEB-18-2_S24_L001_R2_001.fastq.gz does not have an http or https scheme (IllegalArgumentException)
LinuxFileSystem: Cannot build a local path from gs://ngb_cloud/fastq/NGB0-075-KOD-NEB-18-2_S24_L001_R2_001.fastq.gz (RuntimeException) Please refer to the documentation for more information on how to configure filesystems: http://cromwell.readthedocs.io/en/develop/backends/HPC/#filesystems
	Either gs://ngb_cloud/fastq/NGB0-075-KOD-NEB-18-2_S24_L001_R2_001.fastq.gz exists on a filesystem not supported by this instance of Cromwell, or a failure occurred while building an actionable path from it. Supported filesystems are: HTTP, LinuxFileSystem. Failures: HTTP: gs://ngb_cloud/fastq/NGB0-075-KOD-NEB-18-2_S24_L001_R2_001.fastq.gz does not have an http or https scheme (IllegalArgumentException)
LinuxFileSystem: Cannot build a local path from gs://ngb_cloud/fastq/NGB0-075-KOD-NEB-18-2_S24_L001_R2_001.fastq.gz (RuntimeException) Please refer to the documentation for more information on how to configure filesystems: http://cromwell.readthedocs.io/en/develop/backends/HPC/#filesystems
	at common.validation.Validation$ValidationTry$.toTry$extension1(Validation.scala:68)
	at common.validation.Validation$ValidationTry$.toTry$extension0(Validation.scala:64)
	at cromwell.backend.standard.StandardAsyncExecutionActor.instantiatedCommand(StandardAsyncExecutionActor.scala:554)
	... 35 common frames omitted
